\BOOKMARK [1][-]{section*.3}{\332vod}{}% 1
\BOOKMARK [1][-]{part.1}{I Teoretick\341 c\341st}{}% 2
\BOOKMARK [1][-]{section.1}{Elektronick\351 volby}{}% 3
\BOOKMARK [2][-]{subsection.1.1}{Koncepce, v\375hody, nev\375hody}{section.1}% 4
\BOOKMARK [2][-]{subsection.1.2}{Po\236dadvky, podm\355nky}{section.1}% 5
\BOOKMARK [2][-]{subsection.1.3}{RSA Blind Signature}{section.1}% 6
\BOOKMARK [1][-]{section.2}{Po\236adavky na funkcnost}{}% 7
\BOOKMARK [2][-]{subsection.2.1}{Obecn\351 po\236adavky}{section.2}% 8
\BOOKMARK [2][-]{subsection.2.2}{Specifika provozu na UTB}{section.2}% 9
\BOOKMARK [2][-]{subsection.2.3}{Navrhovan\351 re\235en\355}{section.2}% 10
\BOOKMARK [1][-]{section.3}{N\341vrh aplikace}{}% 11
\BOOKMARK [2][-]{subsection.3.1}{Architektura MVC}{section.3}% 12
\BOOKMARK [2][-]{subsection.3.2}{Nette framework}{section.3}% 13
\BOOKMARK [3][-]{subsubsection.3.2.1}{Tr\355da Presenter}{subsection.3.2}% 14
\BOOKMARK [3][-]{subsubsection.3.2.2}{Routov\341n\355}{subsection.3.2}% 15
\BOOKMARK [2][-]{subsection.3.3}{Domain Driven Design}{section.3}% 16
\BOOKMARK [2][-]{subsection.3.4}{Entity}{section.3}% 17
\BOOKMARK [2][-]{subsection.3.5}{Pruchod volice webem}{section.3}% 18
\BOOKMARK [1][-]{part.2}{II Praktick\341 c\341st}{}% 19
\BOOKMARK [1][-]{section.4}{Implementace n\341vrhu}{}% 20
\BOOKMARK [2][-]{subsection.4.1}{Clenen\355 aplikace}{section.4}% 21
\BOOKMARK [3][-]{subsubsection.4.1.1}{Fyzick\351 oddelen\355}{subsection.4.1}% 22
\BOOKMARK [2][-]{subsection.4.2}{Struktura datab\341ze}{section.4}% 23
\BOOKMARK [1][-]{section.5}{Implementace n\341vrhu}{}% 24
\BOOKMARK [2][-]{subsection.5.1}{Modelov\341 vrstva}{section.5}% 25
\BOOKMARK [2][-]{subsection.5.2}{Prihla\235ovan\355 a autentizace}{section.5}% 26
\BOOKMARK [2][-]{subsection.5.3}{Opr\341vnen\355 a autorizace}{section.5}% 27
\BOOKMARK [2][-]{subsection.5.4}{Presentery}{section.5}% 28
\BOOKMARK [3][-]{subsubsection.5.4.1}{Frontend}{subsection.5.4}% 29
\BOOKMARK [3][-]{subsubsection.5.4.2}{Backend}{subsection.5.4}% 30
\BOOKMARK [3][-]{subsubsection.5.4.3}{Core}{subsection.5.4}% 31
\BOOKMARK [2][-]{subsection.5.5}{Zpracov\341n\355 hlasovac\355ch l\355stku}{section.5}% 32
\BOOKMARK [2][-]{subsection.5.6}{Dal\235\355 c\341sti aplikace}{section.5}% 33
\BOOKMARK [3][-]{subsubsection.5.6.1}{Datagridy}{subsection.5.6}% 34
\BOOKMARK [1][-]{section*.30}{Z\341ver}{}% 35
\BOOKMARK [1][-]{section*.32}{Seznam pou\236it\351 literatury }{}% 36
\BOOKMARK [1][-]{section*.34}{Seznam pou\236it\375ch symbolu a zkratek}{}% 37
\BOOKMARK [1][-]{section*.36}{Seznam obr\341zku}{}% 38
\BOOKMARK [1][-]{section*.37}{Seznam tabulek}{}% 39
\BOOKMARK [1][-]{section*.40}{Seznam pr\355loh}{}% 40
