This is pdfTeX, Version 3.14159265-2.6-1.40.20 (TeX Live 2019/Debian) (preloaded format=pdflatex 2021.4.23)  9 MAY 2021 02:19
entering extended mode
 \write18 enabled.
 %&-line parsing enabled.
**prace.tex
(./prace.tex
LaTeX2e <2020-02-02> patch level 2
L3 programming layer <2020-02-14>
(/usr/share/texlive/texmf-dist/tex/latex/base/article.cls
Document Class: article 2019/12/20 v1.4l Standard LaTeX document class
(/usr/share/texlive/texmf-dist/tex/latex/base/size12.clo
File: size12.clo 2019/12/20 v1.4l Standard LaTeX file (size option)
)
\c@part=\count167
\c@section=\count168
\c@subsection=\count169
\c@subsubsection=\count170
\c@paragraph=\count171
\c@subparagraph=\count172
\c@figure=\count173
\c@table=\count174
\abovecaptionskip=\skip47
\belowcaptionskip=\skip48
\bibindent=\dimen134
) (./tex/UTB.tex
(/usr/share/texlive/texmf-dist/tex/latex/base/fontenc.sty
Package: fontenc 2020/02/11 v2.0o Standard LaTeX package
)
(/usr/share/texlive/texmf-dist/tex/latex/base/inputenc.sty
Package: inputenc 2018/08/11 v1.3c Input encoding file
\inpenc@prehook=\toks14
\inpenc@posthook=\toks15

(/usr/share/texlive/texmf-dist/tex/latex/ucs/utf8x.def
File: utf8x.def 2004/10/17 UCS: Input encoding UTF-8
))
(/usr/share/texlive/texmf-dist/tex/latex/ucs/ucs.sty
Package: ucs 2013/05/11 v2.2 UCS: Unicode input support

(/usr/share/texlive/texmf-dist/tex/latex/ucs/data/uni-global.def
File: uni-global.def 2013/05/13 UCS: Unicode global data
)
\uc@secondtry=\count175
\uc@combtoks=\toks16
\uc@combtoksb=\toks17
\uc@temptokena=\toks18
)
(/usr/share/texlive/texmf-dist/tex/latex/graphics/color.sty
Package: color 2019/11/23 v1.2a Standard LaTeX Color (DPC)

(/usr/share/texlive/texmf-dist/tex/latex/graphics-cfg/color.cfg
File: color.cfg 2016/01/02 v1.6 sample color configuration
)
Package color Info: Driver file: pdftex.def on input line 147.

(/usr/share/texlive/texmf-dist/tex/latex/graphics-def/pdftex.def
File: pdftex.def 2018/01/08 v1.0l Graphics/color driver for pdftex
))
(/usr/share/texlive/texmf-dist/tex/latex/graphics/graphicx.sty
Package: graphicx 2019/11/30 v1.2a Enhanced LaTeX Graphics (DPC,SPQR)

(/usr/share/texlive/texmf-dist/tex/latex/graphics/keyval.sty
Package: keyval 2014/10/28 v1.15 key=value parser (DPC)
\KV@toks@=\toks19
)
(/usr/share/texlive/texmf-dist/tex/latex/graphics/graphics.sty
Package: graphics 2019/11/30 v1.4a Standard LaTeX Graphics (DPC,SPQR)

(/usr/share/texlive/texmf-dist/tex/latex/graphics/trig.sty
Package: trig 2016/01/03 v1.10 sin cos tan (DPC)
)
(/usr/share/texlive/texmf-dist/tex/latex/graphics-cfg/graphics.cfg
File: graphics.cfg 2016/06/04 v1.11 sample graphics configuration
)
Package graphics Info: Driver file: pdftex.def on input line 105.
)
\Gin@req@height=\dimen135
\Gin@req@width=\dimen136
)
(/usr/share/texlive/texmf-dist/tex/latex/amsmath/amsmath.sty
Package: amsmath 2020/01/20 v2.17e AMS math features
\@mathmargin=\skip49

For additional information on amsmath, use the `?' option.
(/usr/share/texlive/texmf-dist/tex/latex/amsmath/amstext.sty
Package: amstext 2000/06/29 v2.01 AMS text

(/usr/share/texlive/texmf-dist/tex/latex/amsmath/amsgen.sty
File: amsgen.sty 1999/11/30 v2.0 generic functions
\@emptytoks=\toks20
\ex@=\dimen137
))
(/usr/share/texlive/texmf-dist/tex/latex/amsmath/amsbsy.sty
Package: amsbsy 1999/11/29 v1.2d Bold Symbols
\pmbraise@=\dimen138
)
(/usr/share/texlive/texmf-dist/tex/latex/amsmath/amsopn.sty
Package: amsopn 2016/03/08 v2.02 operator names
)
\inf@bad=\count176
LaTeX Info: Redefining \frac on input line 227.
\uproot@=\count177
\leftroot@=\count178
LaTeX Info: Redefining \overline on input line 389.
\classnum@=\count179
\DOTSCASE@=\count180
LaTeX Info: Redefining \ldots on input line 486.
LaTeX Info: Redefining \dots on input line 489.
LaTeX Info: Redefining \cdots on input line 610.
\Mathstrutbox@=\box45
\strutbox@=\box46
\big@size=\dimen139
LaTeX Font Info:    Redeclaring font encoding OML on input line 733.
LaTeX Font Info:    Redeclaring font encoding OMS on input line 734.
\macc@depth=\count181
\c@MaxMatrixCols=\count182
\dotsspace@=\muskip16
\c@parentequation=\count183
\dspbrk@lvl=\count184
\tag@help=\toks21
\row@=\count185
\column@=\count186
\maxfields@=\count187
\andhelp@=\toks22
\eqnshift@=\dimen140
\alignsep@=\dimen141
\tagshift@=\dimen142
\tagwidth@=\dimen143
\totwidth@=\dimen144
\lineht@=\dimen145
\@envbody=\toks23
\multlinegap=\skip50
\multlinetaggap=\skip51
\mathdisplay@stack=\toks24
LaTeX Info: Redefining \[ on input line 2859.
LaTeX Info: Redefining \] on input line 2860.
)
(/usr/share/texlive/texmf-dist/tex/latex/fancyhdr/fancyhdr.sty
Package: fancyhdr 2019/01/31 v3.10 Extensive control of page headers and footer
s
\f@nch@headwidth=\skip52
\f@nch@O@elh=\skip53
\f@nch@O@erh=\skip54
\f@nch@O@olh=\skip55
\f@nch@O@orh=\skip56
\f@nch@O@elf=\skip57
\f@nch@O@erf=\skip58
\f@nch@O@olf=\skip59
\f@nch@O@orf=\skip60
)
(/usr/share/texlive/texmf-dist/tex/latex/tocloft/tocloft.sty
Package: tocloft 2017/08/31 v2.3i parameterised ToC, etc., typesetting
Package tocloft Info: The document has section divisions on input line 51.
\cftparskip=\skip61
\cftbeforetoctitleskip=\skip62
\cftaftertoctitleskip=\skip63
\cftbeforepartskip=\skip64
\cftpartnumwidth=\skip65
\cftpartindent=\skip66
\cftbeforesecskip=\skip67
\cftsecindent=\skip68
\cftsecnumwidth=\skip69
\cftbeforesubsecskip=\skip70
\cftsubsecindent=\skip71
\cftsubsecnumwidth=\skip72
\cftbeforesubsubsecskip=\skip73
\cftsubsubsecindent=\skip74
\cftsubsubsecnumwidth=\skip75
\cftbeforeparaskip=\skip76
\cftparaindent=\skip77
\cftparanumwidth=\skip78
\cftbeforesubparaskip=\skip79
\cftsubparaindent=\skip80
\cftsubparanumwidth=\skip81
\cftbeforeloftitleskip=\skip82
\cftafterloftitleskip=\skip83
\cftbeforefigskip=\skip84
\cftfigindent=\skip85
\cftfignumwidth=\skip86
\c@lofdepth=\count188
\c@lotdepth=\count189
\cftbeforelottitleskip=\skip87
\cftafterlottitleskip=\skip88
\cftbeforetabskip=\skip89
\cfttabindent=\skip90
\cfttabnumwidth=\skip91
)
(/usr/share/texlive/texmf-dist/tex/latex/textcase/textcase.sty
Package: textcase 2019/09/14 v1.00 Text only upper/lower case changing (DPC)
)
(/usr/share/texlive/texmf-dist/tex/latex/base/ifthen.sty
Package: ifthen 2014/09/29 v1.1c Standard LaTeX ifthen package (DPC)
)
(/usr/share/texlive/texmf-dist/tex/latex/setspace/setspace.sty
Package: setspace 2011/12/19 v6.7a set line spacing
)
(/usr/share/texlive/texmf-dist/tex/latex/ccaption/ccaption.sty
Package: ccaption 2011/08/07 v3.2c Extended captioning and new floats
\@contcwidth=\skip92
\@contindw=\skip93
\abovelegendskip=\skip94
\belowlegendskip=\skip95
\c@newflo@tctr=\count190
)
(/usr/share/texlive/texmf-dist/tex/latex/sectsty/sectsty.sty
Package: sectsty 2002/02/25 v2.0.2 Commands to change all sectional heading sty
les


LaTeX Warning: Command \underbar  has changed.
               Check if current package is valid.


LaTeX Warning: Command \underline  has changed.
               Check if current package is valid.

) (/usr/share/texlive/texmf-dist/tex/latex/examplep/examplep.sty
Package: examplep 2010/02/03 v0.04 Verbatim and typeset TeX code

(/usr/share/texlive/texmf-dist/tex/latex/examplep/verbfwr.sty
Package: verbfwr 2003/09/25 v0.02 Verbatim file write
\verbfwr@writefile=\write3
))
(/usr/share/texlive/texmf-dist/tex/latex/url/url.sty
\Urlmuskip=\muskip17
Package: url 2013/09/16  ver 3.4  Verb mode for urls, etc.
)
(/usr/share/texlive/texmf-dist/tex/latex/tools/afterpage.sty
Package: afterpage 2014/10/28 v1.08 After-Page Package (DPC)
\AP@output=\toks25
\AP@partial=\box47
\AP@footins=\box48
)
(/usr/share/texlive/texmf-dist/tex/latex/tools/verbatim.sty
Package: verbatim 2019/11/10 v1.5r LaTeX2e package for verbatim enhancements
\every@verbatim=\toks26
\verbatim@line=\toks27
\verbatim@in@stream=\read2
)
(/usr/share/texlive/texmf-dist/tex/latex/hyperref/hyperref.sty
Package: hyperref 2020/01/14 v7.00d Hypertext links for LaTeX

(/usr/share/texlive/texmf-dist/tex/generic/ltxcmds/ltxcmds.sty
Package: ltxcmds 2019/12/15 v1.24 LaTeX kernel commands for general use (HO)
)
(/usr/share/texlive/texmf-dist/tex/generic/iftex/iftex.sty
Package: iftex 2019/11/07 v1.0c TeX engine tests
)
(/usr/share/texlive/texmf-dist/tex/latex/pdftexcmds/pdftexcmds.sty
Package: pdftexcmds 2019/11/24 v0.31 Utility functions of pdfTeX for LuaTeX (HO
)

(/usr/share/texlive/texmf-dist/tex/generic/infwarerr/infwarerr.sty
Package: infwarerr 2019/12/03 v1.5 Providing info/warning/error messages (HO)
)
Package pdftexcmds Info: \pdf@primitive is available.
Package pdftexcmds Info: \pdf@ifprimitive is available.
Package pdftexcmds Info: \pdfdraftmode found.
)
(/usr/share/texlive/texmf-dist/tex/generic/kvsetkeys/kvsetkeys.sty
Package: kvsetkeys 2019/12/15 v1.18 Key value parser (HO)
)
(/usr/share/texlive/texmf-dist/tex/generic/kvdefinekeys/kvdefinekeys.sty
Package: kvdefinekeys 2019-12-19 v1.6 Define keys (HO)
)
(/usr/share/texlive/texmf-dist/tex/generic/pdfescape/pdfescape.sty
Package: pdfescape 2019/12/09 v1.15 Implements pdfTeX's escape features (HO)
)
(/usr/share/texlive/texmf-dist/tex/latex/hycolor/hycolor.sty
Package: hycolor 2020-01-27 v1.10 Color options for hyperref/bookmark (HO)
)
(/usr/share/texlive/texmf-dist/tex/latex/letltxmacro/letltxmacro.sty
Package: letltxmacro 2019/12/03 v1.6 Let assignment for LaTeX macros (HO)
)
(/usr/share/texlive/texmf-dist/tex/latex/auxhook/auxhook.sty
Package: auxhook 2019-12-17 v1.6 Hooks for auxiliary files (HO)
)
(/usr/share/texlive/texmf-dist/tex/latex/kvoptions/kvoptions.sty
Package: kvoptions 2019/11/29 v3.13 Key value format for package options (HO)
)
\@linkdim=\dimen146
\Hy@linkcounter=\count191
\Hy@pagecounter=\count192

(/usr/share/texlive/texmf-dist/tex/latex/hyperref/pd1enc.def
File: pd1enc.def 2020/01/14 v7.00d Hyperref: PDFDocEncoding definition (HO)
)
(/usr/share/texlive/texmf-dist/tex/generic/intcalc/intcalc.sty
Package: intcalc 2019/12/15 v1.3 Expandable calculations with integers (HO)
)
(/usr/share/texlive/texmf-dist/tex/generic/etexcmds/etexcmds.sty
Package: etexcmds 2019/12/15 v1.7 Avoid name clashes with e-TeX commands (HO)
)
\Hy@SavedSpaceFactor=\count193
\pdfmajorversion=\count194
Package hyperref Info: Option `pdfa' set `true' on input line 4421.
Package hyperref Info: Option `breaklinks' set `true' on input line 4421.
Package hyperref Info: Hyper figures OFF on input line 4547.
Package hyperref Info: Link nesting OFF on input line 4552.
Package hyperref Info: Hyper index ON on input line 4555.
Package hyperref Info: Plain pages OFF on input line 4562.
Package hyperref Info: Backreferencing OFF on input line 4567.
Package hyperref Info: Implicit mode ON; LaTeX internals redefined.
Package hyperref Info: Bookmarks ON on input line 4800.
\c@Hy@tempcnt=\count195
LaTeX Info: Redefining \url on input line 5159.
\XeTeXLinkMargin=\dimen147

(/usr/share/texlive/texmf-dist/tex/generic/bitset/bitset.sty
Package: bitset 2019/12/09 v1.3 Handle bit-vector datatype (HO)

(/usr/share/texlive/texmf-dist/tex/generic/bigintcalc/bigintcalc.sty
Package: bigintcalc 2019/12/15 v1.5 Expandable calculations on big integers (HO
)
))
\Fld@menulength=\count196
\Field@Width=\dimen148
\Fld@charsize=\dimen149
Package hyperref Info: Hyper figures OFF on input line 6430.
Package hyperref Info: Link nesting OFF on input line 6435.
Package hyperref Info: Hyper index ON on input line 6438.
Package hyperref Info: backreferencing OFF on input line 6445.
Package hyperref Info: Link coloring OFF on input line 6450.
Package hyperref Info: Link coloring with OCG OFF on input line 6455.
Package hyperref Info: PDF/A mode ON on input line 6458.
LaTeX Info: Redefining \ref on input line 6500.
LaTeX Info: Redefining \pageref on input line 6504.

(/usr/share/texlive/texmf-dist/tex/generic/atbegshi/atbegshi.sty
Package: atbegshi 2019/12/05 v1.19 At begin shipout hook (HO)
)
\Hy@abspage=\count197
\c@Item=\count198
\c@Hfootnote=\count199
)
Package hyperref Info: Driver: hpdftex.

(/usr/share/texlive/texmf-dist/tex/latex/hyperref/hpdftex.def
File: hpdftex.def 2020/01/14 v7.00d Hyperref driver for pdfTeX

(/usr/share/texlive/texmf-dist/tex/latex/atveryend/atveryend.sty
Package: atveryend 2019-12-11 v1.11 Hooks at the very end of document (HO)
Package atveryend Info: \AP@enddocument detected (standard20110627).
)
\Fld@listcount=\count266
\c@bookmark@seq@number=\count267

(/usr/share/texlive/texmf-dist/tex/latex/rerunfilecheck/rerunfilecheck.sty
Package: rerunfilecheck 2019/12/05 v1.9 Rerun checks for auxiliary files (HO)

(/usr/share/texlive/texmf-dist/tex/generic/uniquecounter/uniquecounter.sty
Package: uniquecounter 2019/12/15 v1.4 Provide unlimited unique counter (HO)
)
Package uniquecounter Info: New unique counter `rerunfilecheck' on input line 2
86.
)
\Hy@SectionHShift=\skip96
)
(/usr/share/texlive/texmf-dist/tex/latex/chngcntr/chngcntr.sty
Package: chngcntr 2018/04/09 v1.1a change counter resetting
Package chngcntr Info: \counterwithout already defined.
(chngcntr)             Quitting chngcntr on input line 21.
)
(/usr/share/texlive/texmf-dist/tex/latex/etoolbox/etoolbox.sty
Package: etoolbox 2019/09/21 v2.5h e-TeX tools for LaTeX (JAW)
\etb@tempcnta=\count268
)
(/usr/share/texlive/texmf-dist/tex/latex/caption/caption.sty
Package: caption 2020/01/03 v3.4h Customizing captions (AR)

(/usr/share/texlive/texmf-dist/tex/latex/caption/caption3.sty
Package: caption3 2020/01/03 v1.8h caption3 kernel (AR)
Package caption3 Info: TeX engine: e-TeX on input line 61.
\captionmargin=\dimen150
\captionmargin@=\dimen151
\captionwidth=\dimen152
\caption@tempdima=\dimen153
\caption@indent=\dimen154
\caption@parindent=\dimen155
\caption@hangindent=\dimen156
Package caption Info: Unknown document class (or package),
(caption)             standard defaults will be used.
Package caption Info: \@makecaption = \long macro:#1#2->\let \@conttempa \relax
 \ifdim \prevdepth >-99\p@ \vskip \abovecaptionskip \else \def \@conttempa {\vb
ox to\topskip {}}\fi \let \@contfnote \footnote \renewcommand {\footnote }[2][]
{} \let \@contfmark \footnotemark \renewcommand {\footnotemark }[1][]{} \let \@
contlabel \label \renewcommand {\label }[1]{} \sbox \@tempboxa {\@contnfont #1\
@contdelim \@conttfont #2} \let \footnote \@contfnote \let \footnotemark \@cont
fmark \let \label \@contlabel \ifdim \wd \@tempboxa <\linewidth \centering \fi 
\if@contcw \centering \parbox {\@contcwidth }{\fi \if@conthang \sbox \@tempboxa
 {\@contnfont #1\@contdelim } \@contpre {\@contnfont #1\@contdelim }\@conttempa
 {\@contcstyle \hangindent =\wd \@tempboxa \hangafter =\@ne \@conttfont #2\par 
} \else \if@contindent \@contpre {\@contnfont #1\@contdelim }\@conttempa {\@con
tcstyle \hangindent =\@contindw \hangafter =\@ne \@conttfont #2\par } \else \@c
ontpre {\@contnfont #1\@contdelim }\@conttempa {\@contcstyle \@conttfont #2\par
 } \fi \fi \@contpost \if@contcw \par } \fi \vskip \belowcaptionskip  on input 
line 1082.
)

Package caption Warning: Unknown document class (or package),
(caption)                standard defaults will be used.
See the caption package documentation for explanation.

\c@caption@flags=\count269
\c@continuedfloat=\count270
Package caption Info: hyperref package is loaded.
) (/usr/share/texlive/texmf-dist/tex/latex/xmpincl/xmpincl.sty
Package: xmpincl 2008/05/10 v2.2 Include XMP data in pdflatex

(/usr/share/texlive/texmf-dist/tex/generic/iftex/ifpdf.sty
Package: ifpdf 2019/10/25 v3.4 ifpdf legacy package. Use iftex instead.
))
(/usr/share/texlive/texmf-dist/tex/latex/hyperxmp/hyperxmp.sty
Package: hyperxmp 2019/04/05 v4.1 Store hyperref metadata in XMP format

(/usr/share/texlive/texmf-dist/tex/generic/stringenc/stringenc.sty
Package: stringenc 2019/11/29 v1.12 Convert strings between diff. encodings (HO
)
)
(/usr/share/texlive/texmf-dist/tex/generic/iftex/ifxetex.sty
Package: ifxetex 2019/10/25 v0.7 ifxetex legacy package. Use iftex instead.
)
(/usr/share/texlive/texmf-dist/tex/latex/ifmtarg/ifmtarg.sty
Package: ifmtarg 2018/04/16 v1.2b check for an empty argument
)
(/usr/share/texlive/texmf-dist/tex/generic/iftex/ifluatex.sty
Package: ifluatex 2019/10/25 v1.5 ifluatex legacy package. Use iftex instead.
))
pdfTeX warning (Object streams): \pdfobjcompresslevel > 0 requires \pdfminorver
sion > 4. Object streams disabled now.
<<graphics/sRGBIEC1966-2.1.icm>>) (./tex/setup.tex
(/usr/share/texmf/tex/latex/lm/lmodern.sty
Package: lmodern 2009/10/30 v1.6 Latin Modern Fonts
LaTeX Font Info:    Overwriting symbol font `operators' in version `normal'
(Font)                  OT1/cmr/m/n --> OT1/lmr/m/n on input line 22.
LaTeX Font Info:    Overwriting symbol font `letters' in version `normal'
(Font)                  OML/cmm/m/it --> OML/lmm/m/it on input line 23.
LaTeX Font Info:    Overwriting symbol font `symbols' in version `normal'
(Font)                  OMS/cmsy/m/n --> OMS/lmsy/m/n on input line 24.
LaTeX Font Info:    Overwriting symbol font `largesymbols' in version `normal'
(Font)                  OMX/cmex/m/n --> OMX/lmex/m/n on input line 25.
LaTeX Font Info:    Overwriting symbol font `operators' in version `bold'
(Font)                  OT1/cmr/bx/n --> OT1/lmr/bx/n on input line 26.
LaTeX Font Info:    Overwriting symbol font `letters' in version `bold'
(Font)                  OML/cmm/b/it --> OML/lmm/b/it on input line 27.
LaTeX Font Info:    Overwriting symbol font `symbols' in version `bold'
(Font)                  OMS/cmsy/b/n --> OMS/lmsy/b/n on input line 28.
LaTeX Font Info:    Overwriting symbol font `largesymbols' in version `bold'
(Font)                  OMX/cmex/m/n --> OMX/lmex/m/n on input line 29.
LaTeX Font Info:    Overwriting math alphabet `\mathbf' in version `normal'
(Font)                  OT1/cmr/bx/n --> OT1/lmr/bx/n on input line 31.
LaTeX Font Info:    Overwriting math alphabet `\mathsf' in version `normal'
(Font)                  OT1/cmss/m/n --> OT1/lmss/m/n on input line 32.
LaTeX Font Info:    Overwriting math alphabet `\mathit' in version `normal'
(Font)                  OT1/cmr/m/it --> OT1/lmr/m/it on input line 33.
LaTeX Font Info:    Overwriting math alphabet `\mathtt' in version `normal'
(Font)                  OT1/cmtt/m/n --> OT1/lmtt/m/n on input line 34.
LaTeX Font Info:    Overwriting math alphabet `\mathbf' in version `bold'
(Font)                  OT1/cmr/bx/n --> OT1/lmr/bx/n on input line 35.
LaTeX Font Info:    Overwriting math alphabet `\mathsf' in version `bold'
(Font)                  OT1/cmss/bx/n --> OT1/lmss/bx/n on input line 36.
LaTeX Font Info:    Overwriting math alphabet `\mathit' in version `bold'
(Font)                  OT1/cmr/bx/it --> OT1/lmr/bx/it on input line 37.
LaTeX Font Info:    Overwriting math alphabet `\mathtt' in version `bold'
(Font)                  OT1/cmtt/m/n --> OT1/lmtt/m/n on input line 38.
)
(/usr/share/texlive/texmf-dist/tex/latex/blindtext/blindtext.sty
Package: blindtext 2012/01/06 V2.0 blindtext-Package

(/usr/share/texlive/texmf-dist/tex/latex/tools/xspace.sty
Package: xspace 2014/10/28 v1.13 Space after command names (DPC,MH)
)
\c@blindtext=\count271
\c@Blindtext=\count272
\c@blind@countparstart=\count273
\blind@countxx=\count274
\blindtext@numBlindtext=\count275
\blind@countyy=\count276
\c@blindlist=\count277
\c@blindlistlevel=\count278
\c@blindlist@level=\count279
\blind@listitem=\count280
\c@blind@listcount=\count281
\c@blind@levelcount=\count282
\blind@mathformula=\count283
\blind@Mathformula=\count284
\c@blind@randomcount=\count285
\c@blind@randommax=\count286
\c@blind@pangramcount=\count287
\c@blind@pangrammax=\count288
)
(/usr/share/texlive/texmf-dist/tex/generic/dirtree/dirtree.sty
Package: dirtree 2012/12/11 v0.32 package wrapper for dirtree

(/usr/share/texlive/texmf-dist/tex/generic/dirtree/dirtree.tex
`dirtree' v0.32, 2012/12/11 (jcc)
\DT@offset=\dimen157
\DT@width=\dimen158
\DT@sep=\dimen159
\DT@all=\dimen160
\DT@rulewidth=\dimen161
\DT@dotwidth=\dimen162
\DTbaselineskip=\dimen163
\DT@counti=\count289
\DT@countii=\count290
\DT@countiii=\count291
\DT@countiv=\count292
\DT@indent=\dimen164
\DT@parskip=\dimen165
\DT@baselineskip=\dimen166
)
File: dirtree.tex 2012/12/11 v0.32 `dirtree' (jcc)
)
(/usr/share/texlive/texmf-dist/tex/latex/minted/minted.sty
Package: minted 2017/07/19 v2.5 Yet another Pygments shim for LaTeX

(/usr/share/texlive/texmf-dist/tex/latex/fvextra/fvextra.sty
Package: fvextra 2019/02/04 v1.4 fvextra - extensions and patches for fancyvrb

(/usr/share/texlive/texmf-dist/tex/latex/fancyvrb/fancyvrb.sty
Package: fancyvrb 2020/01/13 v3.5 verbatim text (tvz,hv)
\FV@CodeLineNo=\count293
\FV@InFile=\read3
\FV@TabBox=\box49
\c@FancyVerbLine=\count294
\FV@StepNumber=\count295
\FV@OutFile=\write4
)
(/usr/share/texlive/texmf-dist/tex/latex/upquote/upquote.sty
Package: upquote 2012/04/19 v1.3 upright-quote and grave-accent glyphs in verba
tim

(/usr/share/texlive/texmf-dist/tex/latex/base/textcomp.sty
Package: textcomp 2020/02/02 v2.0n Standard LaTeX package
))
(/usr/share/texlive/texmf-dist/tex/latex/lineno/lineno.sty
Package: lineno 2005/11/02 line numbers on paragraphs v4.41
\linenopenalty=\count296
\output=\toks28
\linenoprevgraf=\count297
\linenumbersep=\dimen167
\linenumberwidth=\dimen168
\c@linenumber=\count298
\c@pagewiselinenumber=\count299
\c@LN@truepage=\count300
\c@internallinenumber=\count301
\c@internallinenumbers=\count302
\quotelinenumbersep=\dimen169
\bframerule=\dimen170
\bframesep=\dimen171
\bframebox=\box50
LaTeX Info: Redefining \\ on input line 3056.
)
\c@FV@TrueTabGroupLevel=\count303
\c@FV@TrueTabCounter=\count304
\FV@TabBox@Group=\box51
\FV@TmpLength=\skip97
\c@FV@HighlightLinesStart=\count305
\c@FV@HighlightLinesStop=\count306
\FV@LoopCount=\count307
\FV@NCharsBox=\box52
\FV@BreakIndent=\dimen172
\FV@BreakIndentNChars=\count308
\FV@BreakSymbolSepLeft=\dimen173
\FV@BreakSymbolSepLeftNChars=\count309
\FV@BreakSymbolSepRight=\dimen174
\FV@BreakSymbolSepRightNChars=\count310
\FV@BreakSymbolIndentLeft=\dimen175
\FV@BreakSymbolIndentLeftNChars=\count311
\FV@BreakSymbolIndentRight=\dimen176
\FV@BreakSymbolIndentRightNChars=\count312
\c@FancyVerbLineBreakLast=\count313
\FV@LineBox=\box53
\FV@LineIndentBox=\box54
\FV@LineWidth=\dimen177
)
(/usr/share/texlive/texmf-dist/tex/latex/tools/calc.sty
Package: calc 2017/05/25 v4.3 Infix arithmetic (KKT,FJ)
\calc@Acount=\count314
\calc@Bcount=\count315
\calc@Adimen=\dimen178
\calc@Bdimen=\dimen179
\calc@Askip=\skip98
\calc@Bskip=\skip99
LaTeX Info: Redefining \setlength on input line 80.
LaTeX Info: Redefining \addtolength on input line 81.
\calc@Ccount=\count316
\calc@Cskip=\skip100
)
(/usr/share/texlive/texmf-dist/tex/latex/tools/shellesc.sty
Package: shellesc 2019/11/08 v1.0c unified shell escape interface for LaTeX
Package shellesc Info: Unrestricted shell escape enabled on input line 75.
)
(/usr/share/texlive/texmf-dist/tex/latex/ifplatform/ifplatform.sty
Package: ifplatform 2017/10/13 v0.4a Testing for the operating system

(/usr/share/texlive/texmf-dist/tex/generic/catchfile/catchfile.sty
Package: catchfile 2019/12/09 v1.8 Catch the contents of a file (HO)
)
runsystem(uname -s > "prace.w18")...executed.


(./prace.w18)
runsystem(rm -- "prace.w18")...executed.

) (/usr/share/texlive/texmf-dist/tex/generic/xstring/xstring.sty
(/usr/share/texlive/texmf-dist/tex/generic/xstring/xstring.tex
\integerpart=\count317
\decimalpart=\count318
)
Package: xstring 2019/02/06 v1.83 String manipulations (CT)
)
(/usr/share/texlive/texmf-dist/tex/latex/framed/framed.sty
Package: framed 2011/10/22 v 0.96: framed or shaded text with page breaks
\OuterFrameSep=\skip101
\fb@frw=\dimen180
\fb@frh=\dimen181
\FrameRule=\dimen182
\FrameSep=\dimen183
)
(/usr/share/texlive/texmf-dist/tex/latex/float/float.sty
Package: float 2001/11/08 v1.3d Float enhancements (AL)
\c@float@type=\count319
\float@exts=\toks29
\float@box=\box55
\@float@everytoks=\toks30
\@floatcapt=\box56
)
\minted@appexistsfile=\read4
\minted@bgbox=\box57
\minted@code=\write5
\c@minted@FancyVerbLineTemp=\count320
\c@minted@pygmentizecounter=\count321
\@float@every@listing=\toks31
\c@listing=\count322
)
runsystem(mkdir -p _minted-prace)...executed.

)
(/usr/share/texlive/texmf-dist/tex/generic/babel/babel.sty
Package: babel 2020/02/14 3.40 The Babel package

(/usr/share/texlive/texmf-dist/tex/generic/babel/switch.def
File: switch.def 2020/02/14 3.40 Babel switching mechanism
)
(/usr/share/texlive/texmf-dist/tex/generic/babel-czech/czech.ldf
Language: czech 2008/07/06 v3.1a Czech support from the babel system

(/usr/share/texlive/texmf-dist/tex/generic/babel/babel.def
File: babel.def 2020/02/14 3.40 Babel common definitions
\babel@savecnt=\count323
\U@D=\dimen184

(/usr/share/texlive/texmf-dist/tex/generic/babel/txtbabel.def)
\bbl@readstream=\read5
\bbl@dirlevel=\count324
)
Package babel Info: Making " an active character on input line 172.
\cs@wordlen=\count325
Package babel Info: Making - an active character on input line 226.
))
(/usr/share/texlive/texmf-dist/tex/latex/ucs/data/uni-0.def
File: uni-0.def 2013/05/13 UCS: Unicode data U+0000..U+00FF
)
(/usr/share/texlive/texmf-dist/tex/latex/ucs/data/uni-1.def
File: uni-1.def 2013/05/13 UCS: Unicode data U+0100..U+01FF
)

Package hyperref Warning: Composite letter `\textasciicaron+c'
(hyperref)                not defined in PD1 encoding,
(hyperref)                removing `\textasciicaron' on input line 67.


Package hyperref Warning: Composite letter `\textasciicaron+r'
(hyperref)                not defined in PD1 encoding,
(hyperref)                removing `\textasciicaron' on input line 67.


Package hyperref Warning: Composite letter `\textasciicaron+c'
(hyperref)                not defined in PD1 encoding,
(hyperref)                removing `\textasciicaron' on input line 67.


Package hyperref Warning: Composite letter `\textasciicaron+r'
(hyperref)                not defined in PD1 encoding,
(hyperref)                removing `\textasciicaron' on input line 67.


Package hyperref Warning: Composite letter `\textasciicaron+c'
(hyperref)                not defined in PD1 encoding,
(hyperref)                removing `\textasciicaron' on input line 67.

\xmpinclWrite=\write6
\xmpinclRead=\read6
\openout6 = `tex/pdfa-1b.xmpi'.

<<tex/pdfa-1b.xmpi>>
runsystem(which pygmentize && touch prace.aex)...executed.

runsystem(rm prace.aex)...executed.


(/usr/share/texlive/texmf-dist/tex/latex/l3backend/l3backend-pdfmode.def
File: l3backend-pdfmode.def 2020-02-03 L3 backend support: PDF mode
\l__kernel_color_stack_int=\count326
\l__pdf_internal_box=\box58
)
(./prace.aux

LaTeX Warning: Label `user' multiply defined.

)
\openout1 = `prace.aux'.

LaTeX Font Info:    Checking defaults for OML/cmm/m/it on input line 71.
LaTeX Font Info:    ... okay on input line 71.
LaTeX Font Info:    Checking defaults for OMS/cmsy/m/n on input line 71.
LaTeX Font Info:    ... okay on input line 71.
LaTeX Font Info:    Checking defaults for OT1/cmr/m/n on input line 71.
LaTeX Font Info:    ... okay on input line 71.
LaTeX Font Info:    Checking defaults for T1/cmr/m/n on input line 71.
LaTeX Font Info:    ... okay on input line 71.
LaTeX Font Info:    Checking defaults for TS1/cmr/m/n on input line 71.
LaTeX Font Info:    ... okay on input line 71.
LaTeX Font Info:    Checking defaults for OMX/cmex/m/n on input line 71.
LaTeX Font Info:    ... okay on input line 71.
LaTeX Font Info:    Checking defaults for U/cmr/m/n on input line 71.
LaTeX Font Info:    ... okay on input line 71.
LaTeX Font Info:    Checking defaults for PD1/pdf/m/n on input line 71.
LaTeX Font Info:    ... okay on input line 71.
LaTeX Font Info:    Trying to load font information for T1+lmr on input line 71
.
 (/usr/share/texmf/tex/latex/lm/t1lmr.fd
File: t1lmr.fd 2009/10/30 v1.6 Font defs for Latin Modern
)
(/usr/share/texlive/texmf-dist/tex/latex/ucs/ucsencs.def
File: ucsencs.def 2011/01/21 Fixes to fontencodings LGR, T3
)
(/usr/share/texlive/texmf-dist/tex/context/base/mkii/supp-pdf.mkii
[Loading MPS to PDF converter (version 2006.09.02).]
\scratchcounter=\count327
\scratchdimen=\dimen185
\scratchbox=\box59
\nofMPsegments=\count328
\nofMParguments=\count329
\everyMPshowfont=\toks32
\MPscratchCnt=\count330
\MPscratchDim=\dimen186
\MPnumerator=\count331
\makeMPintoPDFobject=\count332
\everyMPtoPDFconversion=\toks33
) (/usr/share/texlive/texmf-dist/tex/latex/epstopdf-pkg/epstopdf-base.sty
Package: epstopdf-base 2020-01-24 v2.11 Base part for package epstopdf

(/usr/share/texlive/texmf-dist/tex/latex/grfext/grfext.sty
Package: grfext 2019/12/03 v1.3 Manage graphics extensions (HO)
)
Package epstopdf-base Info: Redefining graphics rule for `.eps' on input line 4
85.
Package grfext Info: Graphics extension search list:
(grfext)             [.pdf,.png,.jpg,.mps,.jpeg,.jbig2,.jb2,.PDF,.PNG,.JPG,.JPE
G,.JBIG2,.JB2,.eps]
(grfext)             \AppendGraphicsExtensions on input line 504.

(/usr/share/texlive/texmf-dist/tex/latex/latexconfig/epstopdf-sys.cfg
File: epstopdf-sys.cfg 2010/07/13 v1.3 Configuration of (r)epstopdf for TeX Liv
e
))
\AtBeginShipoutBox=\box60
Package hyperref Info: Link coloring OFF on input line 71.

(/usr/share/texlive/texmf-dist/tex/latex/hyperref/nameref.sty
Package: nameref 2019/09/16 v2.46 Cross-referencing by name of section

(/usr/share/texlive/texmf-dist/tex/latex/refcount/refcount.sty
Package: refcount 2019/12/15 v3.6 Data extraction from label references (HO)
)
(/usr/share/texlive/texmf-dist/tex/generic/gettitlestring/gettitlestring.sty
Package: gettitlestring 2019/12/15 v1.6 Cleanup title references (HO)
)
\c@section@level=\count333
)
LaTeX Info: Redefining \ref on input line 71.
LaTeX Info: Redefining \pageref on input line 71.
LaTeX Info: Redefining \nameref on input line 71.

(./prace.out) (./prace.out)
\@outlinefile=\write7
\openout7 = `prace.out'.

Package caption Info: Begin \AtBeginDocument code.
Package caption Info: float package is loaded.
Package caption Info: End \AtBeginDocument code.

(/usr/share/texlive/texmf-dist/tex/generic/stringenc/se-pdfdoc.def
File: se-pdfdoc.def 2019/11/29 v1.12 stringenc: PDFDocEncoding
)
(/usr/share/texlive/texmf-dist/tex/generic/stringenc/se-utf8.def
File: se-utf8.def 2019/11/29 v1.12 stringenc: UTF-8
)
LaTeX Font Info:    Trying to load font information for OT1+lmss on input line 
73.

(/usr/share/texmf/tex/latex/lm/ot1lmss.fd
File: ot1lmss.fd 2009/10/30 v1.6 Font defs for Latin Modern
)
LaTeX Font Info:    Font shape `OT1/lmss/b/n' in size <12> not available
(Font)              Font shape `OT1/lmss/bx/n' tried instead on input line 73.
LaTeX Font Info:    Font shape `OT1/lmss/b/n' in size <24.88> not available
(Font)              Font shape `OT1/lmss/bx/n' tried instead on input line 73.
LaTeX Font Info:    Trying to load font information for OT1+lmr on input line 7
3.

(/usr/share/texmf/tex/latex/lm/ot1lmr.fd
File: ot1lmr.fd 2009/10/30 v1.6 Font defs for Latin Modern
)
LaTeX Font Info:    Trying to load font information for OML+lmm on input line 7
3.

(/usr/share/texmf/tex/latex/lm/omllmm.fd
File: omllmm.fd 2009/10/30 v1.6 Font defs for Latin Modern
)
LaTeX Font Info:    Trying to load font information for OMS+lmsy on input line 
73.

(/usr/share/texmf/tex/latex/lm/omslmsy.fd
File: omslmsy.fd 2009/10/30 v1.6 Font defs for Latin Modern
)
LaTeX Font Info:    Trying to load font information for OMX+lmex on input line 
73.

(/usr/share/texmf/tex/latex/lm/omxlmex.fd
File: omxlmex.fd 2009/10/30 v1.6 Font defs for Latin Modern
)
LaTeX Font Info:    External font `lmex10' loaded for size
(Font)              <12> on input line 73.
LaTeX Font Info:    External font `lmex10' loaded for size
(Font)              <8> on input line 73.
LaTeX Font Info:    External font `lmex10' loaded for size
(Font)              <6> on input line 73.
<graphics/logo/fai_logo_cz.png, id=165, 325.68428pt x 76.49358pt>
File: graphics/logo/fai_logo_cz.png Graphic file (type png)
<use graphics/logo/fai_logo_cz.png>
Package pdftex.def Info: graphics/logo/fai_logo_cz.png  used on input line 73.
(pdftex.def)             Requested size: 256.0748pt x 60.14912pt.
 [1

{/var/lib/texmf/fonts/map/pdftex/updmap/pdftex.map} <./graphics/logo/fai_logo_c
z.png>] [2

] [3

]
LaTeX Font Info:    Trying to load font information for TS1+lmr on input line 7
7.

(/usr/share/texmf/tex/latex/lm/ts1lmr.fd
File: ts1lmr.fd 2009/10/30 v1.6 Font defs for Latin Modern
)
(/usr/share/texlive/texmf-dist/tex/latex/ucs/data/uni-32.def
File: uni-32.def 2013/05/13 UCS: Unicode data U+2000..U+20FF
) [4

] [5


] [6

]
(./prace.toc [7

])
\tf@toc=\write8
\openout8 = `prace.toc'.

 [8] (./tex/text.tex [9


]

Package hyperref Warning: Composite letter `\textasciicaron+c'
(hyperref)                not defined in PD1 encoding,
(hyperref)                removing `\textasciicaron' on input line 13.

[10


] [11


]

Package hyperref Warning: Composite letter `\textasciicaron+c'
(hyperref)                not defined in PD1 encoding,
(hyperref)                removing `\textasciicaron' on input line 27.


Package hyperref Warning: Composite letter `\textasciicaron+r'
(hyperref)                not defined in PD1 encoding,
(hyperref)                removing `\textasciicaron' on input line 35.

[12

] (./tex/chapters/mvc.tex) (./tex/chapters/nette.tex
\openout5 = `prace.pyg'.


(./_minted-prace/default-pyg-prefix.pygstyle) (./_minted-prace/default.pygstyle
)
(./_minted-prace/1D48C4CBCEDB308E0C4DEFC8B9C849CC74587A1B3D542A966AC6D0365D7E8C
40.pygtex
LaTeX Font Info:    Trying to load font information for T1+lmtt on input line 1
.
 (/usr/share/texmf/tex/latex/lm/t1lmtt.fd
File: t1lmtt.fd 2009/10/30 v1.6 Font defs for Latin Modern
))
! You can't use `macro parameter character #' in horizontal mode.
<argument> ...amework-refactoring/?show=comments##
                                                  comment-3554
l.4 ...rk-refactoring/?show=comments#comment-3554}
                                                  
Sorry, but I'm not programmed to handle this case;
I'll just pretend that you didn't ask for it.
If you're in the wrong mode, you might be able to
return to the right one by typing `I}' or `I$' or `I\par'.

[13

]

Package hyperref Warning: Composite letter `\textasciicaron+r'
(hyperref)                not defined in PD1 encoding,
(hyperref)                removing `\textasciicaron' on input line 7.

\openout5 = `prace.pyg'.


(./_minted-prace/059A1D07987150CBC8CF8A3A8DB12B3174587A1B3D542A966AC6D0365D7E8C
40.pygtex) (./svg/lifecycle2.pdf_tex

pdfTeX warning: /usr/bin/pdflatex (file ./svg/lifecycle2.pdf): PDF inclusion: f
ound PDF version <1.5>, but at most version <1.4> allowed
<svg/lifecycle2.pdf, id=280, page=1, 106.89937pt x 316.93407pt>
File: svg/lifecycle2.pdf Graphic file (type pdf)
<use svg/lifecycle2.pdf, page 1>
Package pdftex.def Info: svg/lifecycle2.pdf , page1 used on input line 56.
(pdftex.def)             Requested size: 106.89937pt x 316.93329pt.
LaTeX Font Info:    External font `lmex10' loaded for size
(Font)              <5> on input line 57.


pdfTeX warning: /usr/bin/pdflatex (file ./svg/lifecycle2.pdf): PDF inclusion: f
ound PDF version <1.5>, but at most version <1.4> allowed
<svg/lifecycle2.pdf, id=281, page=2, 106.89937pt x 316.93407pt>
File: svg/lifecycle2.pdf Graphic file (type pdf)
<use svg/lifecycle2.pdf, page 2>
Package pdftex.def Info: svg/lifecycle2.pdf , page2 used on input line 58.
(pdftex.def)             Requested size: 106.89937pt x 316.93329pt.


pdfTeX warning: /usr/bin/pdflatex (file ./svg/lifecycle2.pdf): PDF inclusion: f
ound PDF version <1.5>, but at most version <1.4> allowed
<svg/lifecycle2.pdf, id=282, page=3, 106.89937pt x 316.93407pt>
File: svg/lifecycle2.pdf Graphic file (type pdf)
<use svg/lifecycle2.pdf, page 3>
Package pdftex.def Info: svg/lifecycle2.pdf , page3 used on input line 60.
(pdftex.def)             Requested size: 106.89937pt x 316.93329pt.


pdfTeX warning: /usr/bin/pdflatex (file ./svg/lifecycle2.pdf): PDF inclusion: f
ound PDF version <1.5>, but at most version <1.4> allowed
<svg/lifecycle2.pdf, id=283, page=4, 106.89937pt x 316.93407pt>
File: svg/lifecycle2.pdf Graphic file (type pdf)
<use svg/lifecycle2.pdf, page 4>
Package pdftex.def Info: svg/lifecycle2.pdf , page4 used on input line 62.
(pdftex.def)             Requested size: 106.89937pt x 316.93329pt.


pdfTeX warning: /usr/bin/pdflatex (file ./svg/lifecycle2.pdf): PDF inclusion: f
ound PDF version <1.5>, but at most version <1.4> allowed
<svg/lifecycle2.pdf, id=284, page=5, 106.89937pt x 316.93407pt>
File: svg/lifecycle2.pdf Graphic file (type pdf)
<use svg/lifecycle2.pdf, page 5>
Package pdftex.def Info: svg/lifecycle2.pdf , page5 used on input line 64.
(pdftex.def)             Requested size: 106.89937pt x 316.93329pt.


pdfTeX warning: /usr/bin/pdflatex (file ./svg/lifecycle2.pdf): PDF inclusion: f
ound PDF version <1.5>, but at most version <1.4> allowed
<svg/lifecycle2.pdf, id=285, page=6, 106.89937pt x 316.93407pt>
File: svg/lifecycle2.pdf Graphic file (type pdf)
<use svg/lifecycle2.pdf, page 6>
Package pdftex.def Info: svg/lifecycle2.pdf , page6 used on input line 66.
(pdftex.def)             Requested size: 106.89937pt x 316.93329pt.
)
LaTeX Font Info:    Trying to load font information for T1+lmss on input line 1
8.
 (/usr/share/texmf/tex/latex/lm/t1lmss.fd
File: t1lmss.fd 2009/10/30 v1.6 Font defs for Latin Modern
)

LaTeX Font Warning: Font shape `T1/lmss/l/n' undefined
(Font)              using `T1/lmss/m/n' instead on input line 18.

\openout5 = `prace.pyg'.


(./_minted-prace/39A2F4C42444B3231836E83667644C0274587A1B3D542A966AC6D0365D7E8C
40.pygtex)
\openout5 = `prace.pyg'.


(./_minted-prace/2076359246505119E5237E81F925941B74587A1B3D542A966AC6D0365D7E8C
40.pygtex)
\openout5 = `prace.pyg'.


(./_minted-prace/EDD2D5517A1A4DF7A9F65BE47416510C74587A1B3D542A966AC6D0365D7E8C
40.pygtex)
\openout5 = `prace.pyg'.


(./_minted-prace/EF077ECE91D4C0F4AD8EE46026F6BD6774587A1B3D542A966AC6D0365D7E8C
40.pygtex)
! You can't use `macro parameter character #' in horizontal mode.
<argument> ...://doc.nette.org/cs/3.1/presenters##
                                                  toc-action-action
l.26 ...e.org/cs/3.1/presenters#toc-action-action}
                                                  
Sorry, but I'm not programmed to handle this case;
I'll just pretend that you didn't ask for it.
If you're in the wrong mode, you might be able to
return to the right one by typing `I}' or `I$' or `I\par'.

[14 <./svg/lifecycle2.pdf> <./svg/lifecycle2.pdf

pdfTeX warning: /usr/bin/pdflatex (file ./svg/lifecycle2.pdf): PDF inclusion: m
ultiple pdfs with page group included in a single page
> <./svg/lifecycle2.pdf

pdfTeX warning: /usr/bin/pdflatex (file ./svg/lifecycle2.pdf): PDF inclusion: m
ultiple pdfs with page group included in a single page
> <./svg/lifecycle2.pdf

pdfTeX warning: /usr/bin/pdflatex (file ./svg/lifecycle2.pdf): PDF inclusion: m
ultiple pdfs with page group included in a single page
> <./svg/lifecycle2.pdf

pdfTeX warning: /usr/bin/pdflatex (file ./svg/lifecycle2.pdf): PDF inclusion: m
ultiple pdfs with page group included in a single page
> <./svg/lifecycle2.pdf

pdfTeX warning: /usr/bin/pdflatex (file ./svg/lifecycle2.pdf): PDF inclusion: m
ultiple pdfs with page group included in a single page
>]
\openout5 = `prace.pyg'.


(./_minted-prace/059A1D07987150CBC8CF8A3A8DB12B3174587A1B3D542A966AC6D0365D7E8C
40.pygtex)
\openout5 = `prace.pyg'.


(./_minted-prace/25795452917314281505110FF3B52FD774587A1B3D542A966AC6D0365D7E8C
40.pygtex)
\openout5 = `prace.pyg'.


(./_minted-prace/49F96038F20AA062772267B640A18D7974587A1B3D542A966AC6D0365D7E8C
40.pygtex)
(./_minted-prace/73B30DE827D441758DD123F7DBDDAD6804322A1827291501D891EEC622AC8D
E6.pygtex
LaTeX Font Info:    Font shape `T1/lmtt/bx/n' in size <10> not available
(Font)              Font shape `T1/lmtt/b/n' tried instead on input line 4.
LaTeX Font Info:    Trying to load font information for TS1+lmtt on input line 
19.
 (/usr/share/texmf/tex/latex/lm/ts1lmtt.fd
File: ts1lmtt.fd 2009/10/30 v1.6 Font defs for Latin Modern
))
Package hyperref Info: bookmark level for unknown listing defaults to 0 on inpu
t line 33.
) (./tex/chapters/ddd.tex
[15] [16]) (./tex/chapters/navrhModelu.tex
\openout5 = `prace.pyg'.


(./_minted-prace/D0F49547B31EDF9482B9CE6C8920ED6574587A1B3D542A966AC6D0365D7E8C
40.pygtex) (./svg/ElectionModel3.pdf_tex

pdfTeX warning: /usr/bin/pdflatex (file ./svg/ElectionModel3.pdf): PDF inclusio
n: found PDF version <1.5>, but at most version <1.4> allowed
<svg/ElectionModel3.pdf, id=321, page=1, 344.78813pt x 341.02406pt>
File: svg/ElectionModel3.pdf Graphic file (type pdf)
<use svg/ElectionModel3.pdf, page 1>
Package pdftex.def Info: svg/ElectionModel3.pdf , page1 used on input line 56.
(pdftex.def)             Requested size: 220.50885pt x 218.10374pt.


pdfTeX warning: /usr/bin/pdflatex (file ./svg/ElectionModel3.pdf): PDF inclusio
n: found PDF version <1.5>, but at most version <1.4> allowed
<svg/ElectionModel3.pdf, id=322, page=2, 344.78813pt x 341.02406pt>
File: svg/ElectionModel3.pdf Graphic file (type pdf)
<use svg/ElectionModel3.pdf, page 2>
Package pdftex.def Info: svg/ElectionModel3.pdf , page2 used on input line 58.
(pdftex.def)             Requested size: 220.50885pt x 218.10374pt.


pdfTeX warning: /usr/bin/pdflatex (file ./svg/ElectionModel3.pdf): PDF inclusio
n: found PDF version <1.5>, but at most version <1.4> allowed
<svg/ElectionModel3.pdf, id=323, page=3, 344.78813pt x 341.02406pt>
File: svg/ElectionModel3.pdf Graphic file (type pdf)
<use svg/ElectionModel3.pdf, page 3>
Package pdftex.def Info: svg/ElectionModel3.pdf , page3 used on input line 60.
(pdftex.def)             Requested size: 220.50885pt x 218.10374pt.


pdfTeX warning: /usr/bin/pdflatex (file ./svg/ElectionModel3.pdf): PDF inclusio
n: found PDF version <1.5>, but at most version <1.4> allowed
<svg/ElectionModel3.pdf, id=324, page=4, 344.78813pt x 341.02406pt>
File: svg/ElectionModel3.pdf Graphic file (type pdf)
<use svg/ElectionModel3.pdf, page 4>
Package pdftex.def Info: svg/ElectionModel3.pdf , page4 used on input line 62.
(pdftex.def)             Requested size: 220.50885pt x 218.10374pt.


pdfTeX warning: /usr/bin/pdflatex (file ./svg/ElectionModel3.pdf): PDF inclusio
n: found PDF version <1.5>, but at most version <1.4> allowed
<svg/ElectionModel3.pdf, id=325, page=5, 344.78813pt x 341.02406pt>
File: svg/ElectionModel3.pdf Graphic file (type pdf)
<use svg/ElectionModel3.pdf, page 5>
Package pdftex.def Info: svg/ElectionModel3.pdf , page5 used on input line 64.
(pdftex.def)             Requested size: 220.50885pt x 218.10374pt.


pdfTeX warning: /usr/bin/pdflatex (file ./svg/ElectionModel3.pdf): PDF inclusio
n: found PDF version <1.5>, but at most version <1.4> allowed
<svg/ElectionModel3.pdf, id=326, page=6, 344.78813pt x 341.02406pt>
File: svg/ElectionModel3.pdf Graphic file (type pdf)
<use svg/ElectionModel3.pdf, page 6>
Package pdftex.def Info: svg/ElectionModel3.pdf , page6 used on input line 66.
(pdftex.def)             Requested size: 220.50885pt x 218.10374pt.


pdfTeX warning: /usr/bin/pdflatex (file ./svg/ElectionModel3.pdf): PDF inclusio
n: found PDF version <1.5>, but at most version <1.4> allowed
<svg/ElectionModel3.pdf, id=327, page=7, 344.78813pt x 341.02406pt>
File: svg/ElectionModel3.pdf Graphic file (type pdf)
<use svg/ElectionModel3.pdf, page 7>
Package pdftex.def Info: svg/ElectionModel3.pdf , page7 used on input line 76.
(pdftex.def)             Requested size: 220.50885pt x 218.10374pt.
)

LaTeX Warning: `h' float specifier changed to `ht'.

[17] [18 <./svg/ElectionModel3.pdf> <./svg/ElectionModel3.pdf

pdfTeX warning: /usr/bin/pdflatex (file ./svg/ElectionModel3.pdf): PDF inclusio
n: multiple pdfs with page group included in a single page
> <./svg/ElectionModel3.pdf

pdfTeX warning: /usr/bin/pdflatex (file ./svg/ElectionModel3.pdf): PDF inclusio
n: multiple pdfs with page group included in a single page
> <./svg/ElectionModel3.pdf

pdfTeX warning: /usr/bin/pdflatex (file ./svg/ElectionModel3.pdf): PDF inclusio
n: multiple pdfs with page group included in a single page
> <./svg/ElectionModel3.pdf

pdfTeX warning: /usr/bin/pdflatex (file ./svg/ElectionModel3.pdf): PDF inclusio
n: multiple pdfs with page group included in a single page
> <./svg/ElectionModel3.pdf

pdfTeX warning: /usr/bin/pdflatex (file ./svg/ElectionModel3.pdf): PDF inclusio
n: multiple pdfs with page group included in a single page
> <./svg/ElectionModel3.pdf

pdfTeX warning: /usr/bin/pdflatex (file ./svg/ElectionModel3.pdf): PDF inclusio
n: multiple pdfs with page group included in a single page
>] (./svg/ACLModel3.pdf_tex

pdfTeX warning: /usr/bin/pdflatex (file ./svg/ACLModel3.pdf): PDF inclusion: fo
und PDF version <1.5>, but at most version <1.4> allowed
<svg/ACLModel3.pdf, id=434, page=1, 517.18219pt x 341.77687pt>
File: svg/ACLModel3.pdf Graphic file (type pdf)
<use svg/ACLModel3.pdf, page 1>
Package pdftex.def Info: svg/ACLModel3.pdf , page1 used on input line 56.
(pdftex.def)             Requested size: 264.61331pt x 174.87233pt.


pdfTeX warning: /usr/bin/pdflatex (file ./svg/ACLModel3.pdf): PDF inclusion: fo
und PDF version <1.5>, but at most version <1.4> allowed
<svg/ACLModel3.pdf, id=435, page=2, 517.18219pt x 341.77687pt>
File: svg/ACLModel3.pdf Graphic file (type pdf)
<use svg/ACLModel3.pdf, page 2>
Package pdftex.def Info: svg/ACLModel3.pdf , page2 used on input line 58.
(pdftex.def)             Requested size: 264.61331pt x 174.87233pt.


pdfTeX warning: /usr/bin/pdflatex (file ./svg/ACLModel3.pdf): PDF inclusion: fo
und PDF version <1.5>, but at most version <1.4> allowed
<svg/ACLModel3.pdf, id=436, page=3, 517.18219pt x 341.77687pt>
File: svg/ACLModel3.pdf Graphic file (type pdf)
<use svg/ACLModel3.pdf, page 3>
Package pdftex.def Info: svg/ACLModel3.pdf , page3 used on input line 60.
(pdftex.def)             Requested size: 264.61331pt x 174.87233pt.


pdfTeX warning: /usr/bin/pdflatex (file ./svg/ACLModel3.pdf): PDF inclusion: fo
und PDF version <1.5>, but at most version <1.4> allowed
<svg/ACLModel3.pdf, id=437, page=4, 517.18219pt x 341.77687pt>
File: svg/ACLModel3.pdf Graphic file (type pdf)
<use svg/ACLModel3.pdf, page 4>
Package pdftex.def Info: svg/ACLModel3.pdf , page4 used on input line 62.
(pdftex.def)             Requested size: 264.61331pt x 174.87233pt.


pdfTeX warning: /usr/bin/pdflatex (file ./svg/ACLModel3.pdf): PDF inclusion: fo
und PDF version <1.5>, but at most version <1.4> allowed
<svg/ACLModel3.pdf, id=438, page=5, 517.18219pt x 341.77687pt>
File: svg/ACLModel3.pdf Graphic file (type pdf)
<use svg/ACLModel3.pdf, page 5>
Package pdftex.def Info: svg/ACLModel3.pdf , page5 used on input line 64.
(pdftex.def)             Requested size: 264.61331pt x 174.87233pt.


pdfTeX warning: /usr/bin/pdflatex (file ./svg/ACLModel3.pdf): PDF inclusion: fo
und PDF version <1.5>, but at most version <1.4> allowed
<svg/ACLModel3.pdf, id=439, page=6, 517.18219pt x 341.77687pt>
File: svg/ACLModel3.pdf Graphic file (type pdf)
<use svg/ACLModel3.pdf, page 6>
Package pdftex.def Info: svg/ACLModel3.pdf , page6 used on input line 66.
(pdftex.def)             Requested size: 264.61331pt x 174.87233pt.


pdfTeX warning: /usr/bin/pdflatex (file ./svg/ACLModel3.pdf): PDF inclusion: fo
und PDF version <1.5>, but at most version <1.4> allowed
<svg/ACLModel3.pdf, id=440, page=7, 517.18219pt x 341.77687pt>
File: svg/ACLModel3.pdf Graphic file (type pdf)
<use svg/ACLModel3.pdf, page 7>
Package pdftex.def Info: svg/ACLModel3.pdf , page7 used on input line 78.
(pdftex.def)             Requested size: 264.61331pt x 174.87233pt.
)
\openout5 = `prace.pyg'.


(./_minted-prace/727B67795016B67699873898E27C4F9B74587A1B3D542A966AC6D0365D7E8C
40.pygtex)
\openout5 = `prace.pyg'.


(./_minted-prace/4AC4EE1444C48423A5665841463331DF74587A1B3D542A966AC6D0365D7E8C
40.pygtex)
\openout5 = `prace.pyg'.


(./_minted-prace/D477A5B5DEB216142DE2291D7D1A397E74587A1B3D542A966AC6D0365D7E8C
40.pygtex)
\openout5 = `prace.pyg'.


(./_minted-prace/2CF85821BB91BEC1EBA147BE025DC04074587A1B3D542A966AC6D0365D7E8C
40.pygtex) [19

 <./svg/ACLModel3.pdf> <./svg/ACLModel3.pdf

pdfTeX warning: /usr/bin/pdflatex (file ./svg/ACLModel3.pdf): PDF inclusion: mu
ltiple pdfs with page group included in a single page
> <./svg/ACLModel3.pdf

pdfTeX warning: /usr/bin/pdflatex (file ./svg/ACLModel3.pdf): PDF inclusion: mu
ltiple pdfs with page group included in a single page
> <./svg/ACLModel3.pdf

pdfTeX warning: /usr/bin/pdflatex (file ./svg/ACLModel3.pdf): PDF inclusion: mu
ltiple pdfs with page group included in a single page
> <./svg/ACLModel3.pdf

pdfTeX warning: /usr/bin/pdflatex (file ./svg/ACLModel3.pdf): PDF inclusion: mu
ltiple pdfs with page group included in a single page
> <./svg/ACLModel3.pdf

pdfTeX warning: /usr/bin/pdflatex (file ./svg/ACLModel3.pdf): PDF inclusion: mu
ltiple pdfs with page group included in a single page
> <./svg/ACLModel3.pdf

pdfTeX warning: /usr/bin/pdflatex (file ./svg/ACLModel3.pdf): PDF inclusion: mu
ltiple pdfs with page group included in a single page
>])

Package hyperref Warning: Composite letter `\textring+u'
(hyperref)                not defined in PD1 encoding,
(hyperref)                removing `\textring' on input line 54.


Package hyperref Warning: Composite letter `\textasciicaron+c'
(hyperref)                not defined in PD1 encoding,
(hyperref)                removing `\textasciicaron' on input line 54.

(./tex/chapters/pruchodWebem.tex (./svg/ElectionUseCase2.pdf_tex

pdfTeX warning: /usr/bin/pdflatex (file ./svg/ElectionUseCase2.pdf): PDF inclus
ion: found PDF version <1.5>, but at most version <1.4> allowed
<svg/ElectionUseCase2.pdf, id=538, page=1, 643.6547pt x 425.33907pt>
File: svg/ElectionUseCase2.pdf Graphic file (type pdf)
<use svg/ElectionUseCase2.pdf, page 1>
Package pdftex.def Info: svg/ElectionUseCase2.pdf , page1 used on input line 56
.
(pdftex.def)             Requested size: 441.01772pt x 291.43987pt.


pdfTeX warning: /usr/bin/pdflatex (file ./svg/ElectionUseCase2.pdf): PDF inclus
ion: found PDF version <1.5>, but at most version <1.4> allowed
<svg/ElectionUseCase2.pdf, id=539, page=2, 643.6547pt x 425.33907pt>
File: svg/ElectionUseCase2.pdf Graphic file (type pdf)
<use svg/ElectionUseCase2.pdf, page 2>
Package pdftex.def Info: svg/ElectionUseCase2.pdf , page2 used on input line 58
.
(pdftex.def)             Requested size: 441.01772pt x 291.43987pt.


pdfTeX warning: /usr/bin/pdflatex (file ./svg/ElectionUseCase2.pdf): PDF inclus
ion: found PDF version <1.5>, but at most version <1.4> allowed
<svg/ElectionUseCase2.pdf, id=540, page=3, 643.6547pt x 425.33907pt>
File: svg/ElectionUseCase2.pdf Graphic file (type pdf)
<use svg/ElectionUseCase2.pdf, page 3>
Package pdftex.def Info: svg/ElectionUseCase2.pdf , page3 used on input line 60
.
(pdftex.def)             Requested size: 441.01772pt x 291.43987pt.


pdfTeX warning: /usr/bin/pdflatex (file ./svg/ElectionUseCase2.pdf): PDF inclus
ion: found PDF version <1.5>, but at most version <1.4> allowed
<svg/ElectionUseCase2.pdf, id=541, page=4, 643.6547pt x 425.33907pt>
File: svg/ElectionUseCase2.pdf Graphic file (type pdf)
<use svg/ElectionUseCase2.pdf, page 4>
Package pdftex.def Info: svg/ElectionUseCase2.pdf , page4 used on input line 62
.
(pdftex.def)             Requested size: 441.01772pt x 291.43987pt.


pdfTeX warning: /usr/bin/pdflatex (file ./svg/ElectionUseCase2.pdf): PDF inclus
ion: found PDF version <1.5>, but at most version <1.4> allowed
<svg/ElectionUseCase2.pdf, id=542, page=5, 643.6547pt x 425.33907pt>
File: svg/ElectionUseCase2.pdf Graphic file (type pdf)
<use svg/ElectionUseCase2.pdf, page 5>
Package pdftex.def Info: svg/ElectionUseCase2.pdf , page5 used on input line 64
.
(pdftex.def)             Requested size: 441.01772pt x 291.43987pt.


pdfTeX warning: /usr/bin/pdflatex (file ./svg/ElectionUseCase2.pdf): PDF inclus
ion: found PDF version <1.5>, but at most version <1.4> allowed
<svg/ElectionUseCase2.pdf, id=543, page=6, 643.6547pt x 425.33907pt>
File: svg/ElectionUseCase2.pdf Graphic file (type pdf)
<use svg/ElectionUseCase2.pdf, page 6>
Package pdftex.def Info: svg/ElectionUseCase2.pdf , page6 used on input line 66
.
(pdftex.def)             Requested size: 441.01772pt x 291.43987pt.


pdfTeX warning: /usr/bin/pdflatex (file ./svg/ElectionUseCase2.pdf): PDF inclus
ion: found PDF version <1.5>, but at most version <1.4> allowed
<svg/ElectionUseCase2.pdf, id=544, page=7, 643.6547pt x 425.33907pt>
File: svg/ElectionUseCase2.pdf Graphic file (type pdf)
<use svg/ElectionUseCase2.pdf, page 7>
Package pdftex.def Info: svg/ElectionUseCase2.pdf , page7 used on input line 68
.
(pdftex.def)             Requested size: 441.01772pt x 291.43987pt.


pdfTeX warning: /usr/bin/pdflatex (file ./svg/ElectionUseCase2.pdf): PDF inclus
ion: found PDF version <1.5>, but at most version <1.4> allowed
<svg/ElectionUseCase2.pdf, id=545, page=8, 643.6547pt x 425.33907pt>
File: svg/ElectionUseCase2.pdf Graphic file (type pdf)
<use svg/ElectionUseCase2.pdf, page 8>
Package pdftex.def Info: svg/ElectionUseCase2.pdf , page8 used on input line 70
.
(pdftex.def)             Requested size: 441.01772pt x 291.43987pt.


pdfTeX warning: /usr/bin/pdflatex (file ./svg/ElectionUseCase2.pdf): PDF inclus
ion: found PDF version <1.5>, but at most version <1.4> allowed
<svg/ElectionUseCase2.pdf, id=546, page=9, 643.6547pt x 425.33907pt>
File: svg/ElectionUseCase2.pdf Graphic file (type pdf)
<use svg/ElectionUseCase2.pdf, page 9>
Package pdftex.def Info: svg/ElectionUseCase2.pdf , page9 used on input line 72
.
(pdftex.def)             Requested size: 441.01772pt x 291.43987pt.


pdfTeX warning: /usr/bin/pdflatex (file ./svg/ElectionUseCase2.pdf): PDF inclus
ion: found PDF version <1.5>, but at most version <1.4> allowed
<svg/ElectionUseCase2.pdf, id=547, page=10, 643.6547pt x 425.33907pt>
File: svg/ElectionUseCase2.pdf Graphic file (type pdf)
<use svg/ElectionUseCase2.pdf, page 10>
Package pdftex.def Info: svg/ElectionUseCase2.pdf , page10 used on input line 7
4.
(pdftex.def)             Requested size: 441.01772pt x 291.43987pt.


pdfTeX warning: /usr/bin/pdflatex (file ./svg/ElectionUseCase2.pdf): PDF inclus
ion: found PDF version <1.5>, but at most version <1.4> allowed
<svg/ElectionUseCase2.pdf, id=548, page=11, 643.6547pt x 425.33907pt>
File: svg/ElectionUseCase2.pdf Graphic file (type pdf)
<use svg/ElectionUseCase2.pdf, page 11>
Package pdftex.def Info: svg/ElectionUseCase2.pdf , page11 used on input line 7
6.
(pdftex.def)             Requested size: 441.01772pt x 291.43987pt.


pdfTeX warning: /usr/bin/pdflatex (file ./svg/ElectionUseCase2.pdf): PDF inclus
ion: found PDF version <1.5>, but at most version <1.4> allowed
<svg/ElectionUseCase2.pdf, id=549, page=12, 643.6547pt x 425.33907pt>
File: svg/ElectionUseCase2.pdf Graphic file (type pdf)
<use svg/ElectionUseCase2.pdf, page 12>
Package pdftex.def Info: svg/ElectionUseCase2.pdf , page12 used on input line 7
8.
(pdftex.def)             Requested size: 441.01772pt x 291.43987pt.


pdfTeX warning: /usr/bin/pdflatex (file ./svg/ElectionUseCase2.pdf): PDF inclus
ion: found PDF version <1.5>, but at most version <1.4> allowed
<svg/ElectionUseCase2.pdf, id=550, page=13, 643.6547pt x 425.33907pt>
File: svg/ElectionUseCase2.pdf Graphic file (type pdf)
<use svg/ElectionUseCase2.pdf, page 13>
Package pdftex.def Info: svg/ElectionUseCase2.pdf , page13 used on input line 8
0.
(pdftex.def)             Requested size: 441.01772pt x 291.43987pt.


pdfTeX warning: /usr/bin/pdflatex (file ./svg/ElectionUseCase2.pdf): PDF inclus
ion: found PDF version <1.5>, but at most version <1.4> allowed
<svg/ElectionUseCase2.pdf, id=551, page=14, 643.6547pt x 425.33907pt>
File: svg/ElectionUseCase2.pdf Graphic file (type pdf)
<use svg/ElectionUseCase2.pdf, page 14>
Package pdftex.def Info: svg/ElectionUseCase2.pdf , page14 used on input line 8
8.
(pdftex.def)             Requested size: 441.01772pt x 291.43987pt.
)) [20

 <./svg/ElectionUseCase2.pdf> <./svg/ElectionUseCase2.pdf

pdfTeX warning: /usr/bin/pdflatex (file ./svg/ElectionUseCase2.pdf): PDF inclus
ion: multiple pdfs with page group included in a single page
> <./svg/ElectionUseCase2.pdf

pdfTeX warning: /usr/bin/pdflatex (file ./svg/ElectionUseCase2.pdf): PDF inclus
ion: multiple pdfs with page group included in a single page
> <./svg/ElectionUseCase2.pdf

pdfTeX warning: /usr/bin/pdflatex (file ./svg/ElectionUseCase2.pdf): PDF inclus
ion: multiple pdfs with page group included in a single page
> <./svg/ElectionUseCase2.pdf

pdfTeX warning: /usr/bin/pdflatex (file ./svg/ElectionUseCase2.pdf): PDF inclus
ion: multiple pdfs with page group included in a single page
> <./svg/ElectionUseCase2.pdf

pdfTeX warning: /usr/bin/pdflatex (file ./svg/ElectionUseCase2.pdf): PDF inclus
ion: multiple pdfs with page group included in a single page
> <./svg/ElectionUseCase2.pdf

pdfTeX warning: /usr/bin/pdflatex (file ./svg/ElectionUseCase2.pdf): PDF inclus
ion: multiple pdfs with page group included in a single page
> <./svg/ElectionUseCase2.pdf

pdfTeX warning: /usr/bin/pdflatex (file ./svg/ElectionUseCase2.pdf): PDF inclus
ion: multiple pdfs with page group included in a single page
> <./svg/ElectionUseCase2.pdf

pdfTeX warning: /usr/bin/pdflatex (file ./svg/ElectionUseCase2.pdf): PDF inclus
ion: multiple pdfs with page group included in a single page
> <./svg/ElectionUseCase2.pdf

pdfTeX warning: /usr/bin/pdflatex (file ./svg/ElectionUseCase2.pdf): PDF inclus
ion: multiple pdfs with page group included in a single page
> <./svg/ElectionUseCase2.pdf

pdfTeX warning: /usr/bin/pdflatex (file ./svg/ElectionUseCase2.pdf): PDF inclus
ion: multiple pdfs with page group included in a single page
> <./svg/ElectionUseCase2.pdf

pdfTeX warning: /usr/bin/pdflatex (file ./svg/ElectionUseCase2.pdf): PDF inclus
ion: multiple pdfs with page group included in a single page
> <./svg/ElectionUseCase2.pdf

pdfTeX warning: /usr/bin/pdflatex (file ./svg/ElectionUseCase2.pdf): PDF inclus
ion: multiple pdfs with page group included in a single page
> <./svg/ElectionUseCase2.pdf

pdfTeX warning: /usr/bin/pdflatex (file ./svg/ElectionUseCase2.pdf): PDF inclus
ion: multiple pdfs with page group included in a single page
>]

Package hyperref Warning: Composite letter `\textasciicaron+c'
(hyperref)                not defined in PD1 encoding,
(hyperref)                removing `\textasciicaron' on input line 57.

[21


]

Package hyperref Warning: Composite letter `\textasciicaron+C'
(hyperref)                not defined in PD1 encoding,
(hyperref)                removing `\textasciicaron' on input line 61.


Package hyperref Warning: Composite letter `\textasciicaron+e'
(hyperref)                not defined in PD1 encoding,
(hyperref)                removing `\textasciicaron' on input line 61.

(./tex/chapters/cleneni.tex
\openout5 = `prace.pyg'.


(./_minted-prace/05982F0758E0A3A22498C68E2B9BE33274587A1B3D542A966AC6D0365D7E8C
40.pygtex)

Package hyperref Warning: Composite letter `\textasciicaron+e'
(hyperref)                not defined in PD1 encoding,
(hyperref)                removing `\textasciicaron' on input line 15.

[22


]
\openout5 = `prace.pyg'.


(./_minted-prace/BB75AB5001DEBFE55CB108304500099974587A1B3D542A966AC6D0365D7E8C
40.pygtex)
\openout5 = `prace.pyg'.


(./_minted-prace/743C318CED00638408A5CDAC3A42665074587A1B3D542A966AC6D0365D7E8C
40.pygtex)
\openout5 = `prace.pyg'.


(./_minted-prace/7017BA0374AA2C2EC19B776A30688CDB74587A1B3D542A966AC6D0365D7E8C
40.pygtex)
(./_minted-prace/5E9531BC1A1729DA71FA3DD690195F46B4E666AD5D3C23526CEA6F4CF8FC3B
1F.pygtex)) [23] [24] (./tex/chapters/modelovaVrstva.tex
<svg/erd3.png, id=853, 655.0071pt x 620.3175pt>
File: svg/erd3.png Graphic file (type png)
<use svg/erd3.png>
Package pdftex.def Info: svg/erd3.png  used on input line 2.
(pdftex.def)             Requested size: 441.01772pt x 417.66454pt.
 [25

 <./svg/erd3.png>]
\openout5 = `prace.pyg'.


(./_minted-prace/E070B1D7E2EA05A77F04DDE1B2FE481B74587A1B3D542A966AC6D0365D7E8C
40.pygtex)
\openout5 = `prace.pyg'.


(./_minted-prace/3D3471AEF6153F7CB6BEDA97683F34D774587A1B3D542A966AC6D0365D7E8C
40.pygtex)
\openout5 = `prace.pyg'.


(./_minted-prace/61475A2E3BB8A80CA504F69C3849A66B74587A1B3D542A966AC6D0365D7E8C
40.pygtex)
\openout5 = `prace.pyg'.


(./_minted-prace/A9E6C571EEBBB50F1467C5113D37C5F174587A1B3D542A966AC6D0365D7E8C
40.pygtex) [26


]
<svg/roleMapper.png, id=866, 433.62pt x 188.1429pt>
File: svg/roleMapper.png Graphic file (type png)
<use svg/roleMapper.png>
Package pdftex.def Info: svg/roleMapper.png  used on input line 17.
(pdftex.def)             Requested size: 441.01772pt x 191.36348pt.
\openout5 = `prace.pyg'.


(./_minted-prace/F9E599BCD6175B20E033515932DB4E3174587A1B3D542A966AC6D0365D7E8C
40.pygtex)
\openout5 = `prace.pyg'.


(./_minted-prace/6F289C1A0F726BB0888443EDFDED426C74587A1B3D542A966AC6D0365D7E8C
40.pygtex)
\openout5 = `prace.pyg'.


(./_minted-prace/FF3827B87E00919BB5C4FFBA736F403674587A1B3D542A966AC6D0365D7E8C
40.pygtex)
\openout5 = `prace.pyg'.


(./_minted-prace/4425322B4D3B21484E2719C278C0A45974587A1B3D542A966AC6D0365D7E8C
40.pygtex)
\openout5 = `prace.pyg'.


(./_minted-prace/A0B7B47A69B2438FCF483A39B89B8F9E74587A1B3D542A966AC6D0365D7E8C
40.pygtex)
\openout5 = `prace.pyg'.


(./_minted-prace/ACBE1890A4D5CD7EF5BAC18E4043CBB474587A1B3D542A966AC6D0365D7E8C
40.pygtex)
\openout5 = `prace.pyg'.


(./_minted-prace/D5B398B6FDA97BDCFD8E645EE16CBE2B74587A1B3D542A966AC6D0365D7E8C
40.pygtex)
\openout5 = `prace.pyg'.


(./_minted-prace/B3578471D5D35BE111531B5A33ED220074587A1B3D542A966AC6D0365D7E8C
40.pygtex)
\openout5 = `prace.pyg'.


(./_minted-prace/727B67795016B67699873898E27C4F9B74587A1B3D542A966AC6D0365D7E8C
40.pygtex)
\openout5 = `prace.pyg'.


(./_minted-prace/D37D5EA9D126D168B2F04112699FD85274587A1B3D542A966AC6D0365D7E8C
40.pygtex)
\openout5 = `prace.pyg'.


(./_minted-prace/A93EF59E16DB5A906F3047D24C026C7674587A1B3D542A966AC6D0365D7E8C
40.pygtex)) [27

 <./svg/rolemapper.png>]

Package hyperref Warning: Composite letter `\textasciicaron+r'
(hyperref)                not defined in PD1 encoding,
(hyperref)                removing `\textasciicaron' on input line 69.

(./tex/chapters/prihlasovani.tex
LaTeX Font Info:    External font `lmex10' loaded for size
(Font)              <10> on input line 3.
LaTeX Font Info:    External font `lmex10' loaded for size
(Font)              <7> on input line 3.
\openout5 = `prace.pyg'.


(./_minted-prace/89031837042D899DC5542BF084560BBF74587A1B3D542A966AC6D0365D7E8C
40.pygtex)
(./_minted-prace/A99C5961993E85A1A9B6A8B6C6A9CD1A2E86BDEFEBF108B18CC9E7A7FB67A6
90.pygtex) [28

]
\openout5 = `prace.pyg'.


(./_minted-prace/C6570A8FFD10F973D21FA5B45A710C4974587A1B3D542A966AC6D0365D7E8C
40.pygtex)) [29]

Package hyperref Warning: Composite letter `\textasciicaron+e'
(hyperref)                not defined in PD1 encoding,
(hyperref)                removing `\textasciicaron' on input line 73.

(./tex/chapters/opravneni.tex
(./_minted-prace/B86EC8278F02D71CD94EB1342A8D6566E5BE37D729AC073A6D61F4743084DB
06.pygtex) [30

]
\openout5 = `prace.pyg'.


(./_minted-prace/366760FD3748C4911394AC27881BC97174587A1B3D542A966AC6D0365D7E8C
40.pygtex)
\openout5 = `prace.pyg'.


(./_minted-prace/2B5895DCF32EC48138387259E76CC12174587A1B3D542A966AC6D0365D7E8C
40.pygtex)
\openout5 = `prace.pyg'.


(./_minted-prace/9C8CF053C251A881FE2A96C2D0844F0F74587A1B3D542A966AC6D0365D7E8C
40.pygtex)
\openout5 = `prace.pyg'.


(./_minted-prace/F9C0F9FD629B36842E738724DF3A894674587A1B3D542A966AC6D0365D7E8C
40.pygtex)
(./_minted-prace/316F24F9C3FEBC3B051DE002868404E155BBEB82B3BBF1E57C65370E0CC18B
8F.pygtex) [31]
(./_minted-prace/BD9E75C610EABED3E15CD5306DD64CED8893DB025CC5297A9D7A7259FCE6C2
A6.pygtex)) [32

] (./tex/chapters/presentery.tex
\openout5 = `prace.pyg'.


(./_minted-prace/41A333F1EFD53DE922FD871C412CBD5374587A1B3D542A966AC6D0365D7E8C
40.pygtex)
Package epstopdf Info: Source file: <svg/frontendPresenters.eps>
(epstopdf)                    date: 2021-05-08 22:16:06
(epstopdf)                    size: 54674 bytes
(epstopdf)             Output file: <svg/frontendPresenters-eps-converted-to.pd
f>
(epstopdf)                    date: 2021-05-08 22:19:19
(epstopdf)                    size: 23130 bytes
(epstopdf)             Command: <epstopdf --outfile=svg/frontendPresenters-eps-
converted-to.pdf svg/frontendPresenters.eps>
(epstopdf)             \includegraphics on input line 7.
Package epstopdf Info: Output file is already uptodate.


pdfTeX warning: /usr/bin/pdflatex (file ./svg/frontendPresenters-eps-converted-
to.pdf): PDF inclusion: found PDF version <1.5>, but at most version <1.4> allo
wed
<svg/frontendPresenters-eps-converted-to.pdf, id=916, 465.74pt x 213.79875pt>
File: svg/frontendPresenters-eps-converted-to.pdf Graphic file (type pdf)
<use svg/frontendPresenters-eps-converted-to.pdf>
Package pdftex.def Info: svg/frontendPresenters-eps-converted-to.pdf  used on i
nput line 7.
(pdftex.def)             Requested size: 441.01772pt x 202.45845pt.
\openout5 = `prace.pyg'.


(./_minted-prace/D83F2D5B9726E013D271661EAA01719A74587A1B3D542A966AC6D0365D7E8C
40.pygtex)
\openout5 = `prace.pyg'.


(./_minted-prace/8A9165792BF37B2EEBEA6B9F10D6AA8574587A1B3D542A966AC6D0365D7E8C
40.pygtex)
\openout5 = `prace.pyg'.


(./_minted-prace/EEA234CFA7507D17EB2B1E81E2D0539474587A1B3D542A966AC6D0365D7E8C
40.pygtex)
\openout5 = `prace.pyg'.


(./_minted-prace/6FD1E17515DA8E0EB2CD9590D2351CCA74587A1B3D542A966AC6D0365D7E8C
40.pygtex) [33

 <./svg/frontendPresenters-eps-converted-to.pdf>]
\openout5 = `prace.pyg'.


(./_minted-prace/F02B77E32910C5695BA25280466A29F174587A1B3D542A966AC6D0365D7E8C
40.pygtex)
\openout5 = `prace.pyg'.


(./_minted-prace/5C50C52B673B541F0F9252F4AC3A6E4874587A1B3D542A966AC6D0365D7E8C
40.pygtex
LaTeX Font Info:    Font shape `T1/lmtt/bx/n' in size <12> not available
(Font)              Font shape `T1/lmtt/b/n' tried instead on input line 2.
)
\openout5 = `prace.pyg'.


(./_minted-prace/39A2F4C42444B3231836E83667644C0274587A1B3D542A966AC6D0365D7E8C
40.pygtex)
\openout5 = `prace.pyg'.


(./_minted-prace/1D48C4CBCEDB308E0C4DEFC8B9C849CC74587A1B3D542A966AC6D0365D7E8C
40.pygtex)
\openout5 = `prace.pyg'.


(./_minted-prace/CAA61D621915982F9D0FAFD3EF5E63BC74587A1B3D542A966AC6D0365D7E8C
40.pygtex)
\openout5 = `prace.pyg'.


(./_minted-prace/A565FE6BDC3B729DBD014E76AF7EE91E74587A1B3D542A966AC6D0365D7E8C
40.pygtex)
\openout5 = `prace.pyg'.


(./_minted-prace/D0F49547B31EDF9482B9CE6C8920ED6574587A1B3D542A966AC6D0365D7E8C
40.pygtex)
\openout5 = `prace.pyg'.


(./_minted-prace/5BECB42BCDE1822BA6F2D4F9DB3385F374587A1B3D542A966AC6D0365D7E8C
40.pygtex)
\openout5 = `prace.pyg'.


(./_minted-prace/3F1D652C342B753A3A3C72A41B9BC16C74587A1B3D542A966AC6D0365D7E8C
40.pygtex) [34]
\openout5 = `prace.pyg'.


(./_minted-prace/598A1DF0E87BDD515B5286F0F0A801D974587A1B3D542A966AC6D0365D7E8C
40.pygtex)
\openout5 = `prace.pyg'.


(./_minted-prace/84CE36D241B5793252FCC3E724E79A1674587A1B3D542A966AC6D0365D7E8C
40.pygtex)
\openout5 = `prace.pyg'.


(./_minted-prace/1CC8D82F845D017545295BF312532DA574587A1B3D542A966AC6D0365D7E8C
40.pygtex)
\openout5 = `prace.pyg'.


(./_minted-prace/CAA61D621915982F9D0FAFD3EF5E63BC74587A1B3D542A966AC6D0365D7E8C
40.pygtex)
\openout5 = `prace.pyg'.


(./_minted-prace/A565FE6BDC3B729DBD014E76AF7EE91E74587A1B3D542A966AC6D0365D7E8C
40.pygtex)
\openout5 = `prace.pyg'.


(./_minted-prace/D0F49547B31EDF9482B9CE6C8920ED6574587A1B3D542A966AC6D0365D7E8C
40.pygtex)
\openout5 = `prace.pyg'.


(./_minted-prace/20C9A3FBAC36A70BE9642272DFB53ED174587A1B3D542A966AC6D0365D7E8C
40.pygtex)
\openout5 = `prace.pyg'.


(./_minted-prace/B06CCA4B64566581850CD4D47722E97F74587A1B3D542A966AC6D0365D7E8C
40.pygtex)
Package epstopdf Info: Source file: <svg/backendPresenters.eps>
(epstopdf)                    date: 2021-05-08 22:56:48
(epstopdf)                    size: 71332 bytes
(epstopdf)             Output file: <svg/backendPresenters-eps-converted-to.pdf
>
(epstopdf)                    date: 2021-05-08 22:57:36
(epstopdf)                    size: 25673 bytes
(epstopdf)             Command: <epstopdf --outfile=svg/backendPresenters-eps-c
onverted-to.pdf svg/backendPresenters.eps>
(epstopdf)             \includegraphics on input line 59.
Package epstopdf Info: Output file is already uptodate.


pdfTeX warning: /usr/bin/pdflatex (file ./svg/backendPresenters-eps-converted-t
o.pdf): PDF inclusion: found PDF version <1.5>, but at most version <1.4> allow
ed
<svg/backendPresenters-eps-converted-to.pdf, id=954, 673.51625pt x 273.02pt>
File: svg/backendPresenters-eps-converted-to.pdf Graphic file (type pdf)
<use svg/backendPresenters-eps-converted-to.pdf>
Package pdftex.def Info: svg/backendPresenters-eps-converted-to.pdf  used on in
put line 59.
(pdftex.def)             Requested size: 441.01772pt x 178.77316pt.

LaTeX Warning: `h' float specifier changed to `ht'.

\openout5 = `prace.pyg'.


(./_minted-prace/290F4BFCA6031D3817EC1C6DD552882D74587A1B3D542A966AC6D0365D7E8C
40.pygtex)
\openout5 = `prace.pyg'.


(./_minted-prace/62B7CF88320269F3F0671F3C57C8067074587A1B3D542A966AC6D0365D7E8C
40.pygtex) [35] [36 <./svg/backendPresenters-eps-converted-to.pdf>] [37])

Package hyperref Warning: Composite letter `\textring+u'
(hyperref)                not defined in PD1 encoding,
(hyperref)                removing `\textring' on input line 80.


Package hyperref Warning: Composite letter `\textasciicaron+c'
(hyperref)                not defined in PD1 encoding,
(hyperref)                removing `\textasciicaron' on input line 82.

\openout5 = `prace.pyg'.


(./_minted-prace/DB2F728910E6FC1CCEB89D1D0476D80774587A1B3D542A966AC6D0365D7E8C
40.pygtex) [38]

Package hyperref Warning: Composite letter `\textasciicaron+e'
(hyperref)                not defined in PD1 encoding,
(hyperref)                removing `\textasciicaron' on input line 91.

) [39

] (./prace.bbl) (./tex/zkratky.tex [40

]

Package hyperref Warning: Composite letter `\textring+u'
(hyperref)                not defined in PD1 encoding,
(hyperref)                removing `\textring' on input line 5.

) [41

]

Package hyperref Warning: Composite letter `\textring+u'
(hyperref)                not defined in PD1 encoding,
(hyperref)                removing `\textring' on input line 107.

(./prace.lof)
\tf@lof=\write9
\openout9 = `prace.lof'.

 [42

] (./prace.lot)
\tf@lot=\write10
\openout10 = `prace.lot'.

 [43


] (./prace.lol)
\tf@lol=\write11
\openout11 = `prace.lol'.

 [44


] (./tex/prilohy.tex

Package hyperref Warning: Composite letter `\textasciicaron+r'
(hyperref)                not defined in PD1 encoding,
(hyperref)                removing `\textasciicaron' on input line 5.

(./prace.loa)
\tf@loa=\write12
\openout12 = `prace.loa'.

 [45

]pdfTeX warning (ext4): destination with the same identifier (name{section.1}) 
has been already used, duplicate ignored
<to be read again> 
                   \relax 
l.7 \priloha{Adresov struktura aplikace}
                                               (./tex/attachements/dirtree.tex)
[46

]pdfTeX warning (ext4): destination with the same identifier (name{section.2}) 
has been already used, duplicate ignored
<to be read again> 
                   \relax 
l.11 \priloha{Dalsi priloha}
                            )
Package atveryend Info: Empty hook `BeforeClearDocument' on input line 122.
 [47

]
Package atveryend Info: Empty hook `AfterLastShipout' on input line 122.
 (./prace.aux)
Package atveryend Info: Executing hook `AtVeryEndDocument' on input line 122.
Package atveryend Info: Executing hook `AtEndAfterFileList' on input line 122.
Package rerunfilecheck Info: File `prace.out' has not changed.
(rerunfilecheck)             Checksum: 25782C50E63137A09EFA52DBE1288D3C;2665.


LaTeX Font Warning: Some font shapes were not available, defaults substituted.


LaTeX Warning: There were multiply-defined labels.

Package atveryend Info: Empty hook `AtVeryVeryEnd' on input line 122.
runsystem(rm prace.pyg)...executed.

 ) 
Here is how much of TeX's memory you used:
 16023 strings out of 482368
 280606 string characters out of 5941918
 606908 words of memory out of 5000000
 30311 multiletter control sequences out of 15000+600000
 628253 words of font info for 79 fonts, out of 8000000 for 9000
 428 hyphenation exceptions out of 8191
 44i,13n,48p,1412b,703s stack positions out of 5000i,500n,10000p,200000b,80000s
pdfTeX warning (dest): name{Hfootnote.9} has been referenced but does not exi
st, replaced by a fixed one

pdfTeX warning (dest): name{Hfootnote.8} has been referenced but does not exist
, replaced by a fixed one

pdfTeX warning (dest): name{Hfootnote.7} has been referenced but does not exist
, replaced by a fixed one

pdfTeX warning (dest): name{Hfootnote.6} has been referenced but does not exist
, replaced by a fixed one

pdfTeX warning (dest): name{Hfootnote.5} has been referenced but does not exist
, replaced by a fixed one

pdfTeX warning (dest): name{Hfootnote.4} has been referenced but does not exist
, replaced by a fixed one

pdfTeX warning (dest): name{Hfootnote.3} has been referenced but does not exist
, replaced by a fixed one

pdfTeX warning (dest): name{Hfootnote.2} has been referenced but does not exist
, replaced by a fixed one

pdfTeX warning (dest): name{Hfootnote.1} has been referenced but does not exist
, replaced by a fixed one

{/usr/share/texmf/fonts/enc/dvips/lm/lm-ec.enc}{/usr/share/texmf/fonts/enc/dvip
s/lm/lm-mathsy.enc}{/usr/share/texmf/fonts/enc/dvips/lm/lm-mathit.enc}{/usr/sha
re/texmf/fonts/enc/dvips/lm/lm-ts1.enc}{/usr/share/texmf/fonts/enc/dvips/lm/lm-
rm.enc}</usr/share/texmf/fonts/type1/public/lm/lmbx10.pfb></usr/share/texmf/fon
ts/type1/public/lm/lmbx12.pfb></usr/share/texmf/fonts/type1/public/lm/lmbxi10.p
fb></usr/share/texmf/fonts/type1/public/lm/lmcsc10.pfb></usr/share/texmf/fonts/
type1/public/lm/lmmi12.pfb></usr/share/texmf/fonts/type1/public/lm/lmmi6.pfb></
usr/share/texmf/fonts/type1/public/lm/lmr10.pfb></usr/share/texmf/fonts/type1/p
ublic/lm/lmr12.pfb></usr/share/texmf/fonts/type1/public/lm/lmr6.pfb></usr/share
/texmf/fonts/type1/public/lm/lmr7.pfb></usr/share/texmf/fonts/type1/public/lm/l
mr8.pfb></usr/share/texmf/fonts/type1/public/lm/lmri12.pfb></usr/share/texmf/fo
nts/type1/public/lm/lmss17.pfb></usr/share/texmf/fonts/type1/public/lm/lmss8.pf
b></usr/share/texmf/fonts/type1/public/lm/lmssbx10.pfb></usr/share/texmf/fonts/
type1/public/lm/lmsy6.pfb></usr/share/texmf/fonts/type1/public/lm/lmtk10.pfb></
usr/share/texmf/fonts/type1/public/lm/lmtl10.pfb></usr/share/texmf/fonts/type1/
public/lm/lmtt10.pfb></usr/share/texmf/fonts/type1/public/lm/lmtt12.pfb></usr/s
hare/texmf/fonts/type1/public/lm/lmtti10.pfb>
Output written on prace.pdf (47 pages, 1765556 bytes).
PDF statistics:
 1175 PDF objects out of 1200 (max. 8388607)
 144 named destinations out of 1000 (max. 500000)
 528 words of extra memory for PDF output out of 10000 (max. 10000000)

